<?xml version="1.0" encoding="UTF-8"?>
<testsuite xmlns:xsi="http://www.w3.org/2001/XMLSchema-instance" xsi:noNamespaceSchemaLocation="https://maven.apache.org/surefire/maven-surefire-plugin/xsd/surefire-test-report-3.0.xsd" version="3.0" name="TestSuite" time="6.899" tests="3" errors="0" skipped="0" failures="0">
  <properties>
[...]
</properties>
  <testcase name="broswerTest[Chrome](1)" classname="com.devopsAssignment.crossBrowserTesting" time="4.769">
    <system-out><![CDATA[chrome launched
edge launched
firefox launched
]]></system-out>
    <system-err><![CDATA[SLF4J(W): No SLF4J providers were found.
SLF4J(W): Defaulting to no-operation (NOP) logger implementation
SLF4J(W): See https://www.slf4j.org/codes.html#noProviders for further details.
Apr 03, 2026 12:04:15 AM org.openqa.selenium.remote.tracing.opentelemetry.OpenTelemetryTracer createTracer
INFO: Using OpenTelemetry for tracing
]]></system-err>
  </testcase>
  <testcase name="broswerTest[Edge](1)" classname="com.devopsAssignment.crossBrowserTesting" time="4.917"/>
  <testcase name="broswerTest[Firefox](1)" classname="com.devopsAssignment.crossBrowserTesting" time="6.613"/>
</testsuite>