<?xml version="1.0" encoding="UTF-8"?>
<testng-results ignored="0" total="3" passed="3" failed="0" skipped="0">
  <reporter-output>
  </reporter-output>
  <suite started-at="2026-04-02T22:36:24 IST" name="Suite" finished-at="2026-04-02T22:36:37 IST" duration-ms="13396">
    <groups>
    </groups>
    <test started-at="2026-04-02T22:36:24 IST" name="Test2" finished-at="2026-04-02T22:36:32 IST" duration-ms="8278">
      <class name="com.devopsAssignment.crossBrowserTesting">
        <test-method signature="broswerTest(java.lang.String)[pri:0, instance:com.devopsAssignment.crossBrowserTesting@10683d9d]" started-at="2026-04-02T22:36:24 IST" name="broswerTest" finished-at="2026-04-02T22:36:32 IST" duration-ms="8251" status="PASS">
          <params>
            <param index="0">
              <value>
                <![CDATA[FireFox]]>
              </value>
            </param>
          </params>
          <reporter-output>
          </reporter-output>
        </test-method> <!-- broswerTest -->
      </class> <!-- com.devopsAssignment.crossBrowserTesting -->
    </test> <!-- Test2 -->
    <test started-at="2026-04-02T22:36:24 IST" name="Test1" finished-at="2026-04-02T22:36:35 IST" duration-ms="11372">
      <class name="com.devopsAssignment.crossBrowserTesting">
        <test-method signature="broswerTest(java.lang.String)[pri:0, instance:com.devopsAssignment.crossBrowserTesting@3349e9bb]" started-at="2026-04-02T22:36:24 IST" name="broswerTest" finished-at="2026-04-02T22:36:35 IST" duration-ms="11347" status="PASS">
          <params>
            <param index="0">
              <value>
                <![CDATA[Chrome]]>
              </value>
            </param>
          </params>
          <reporter-output>
          </reporter-output>
        </test-method> <!-- broswerTest -->
      </class> <!-- com.devopsAssignment.crossBrowserTesting -->
    </test> <!-- Test1 -->
    <test started-at="2026-04-02T22:36:24 IST" name="Test3" finished-at="2026-04-02T22:36:37 IST" duration-ms="13396">
      <class name="com.devopsAssignment.crossBrowserTesting">
        <test-method signature="broswerTest(java.lang.String)[pri:0, instance:com.devopsAssignment.crossBrowserTesting@5aa9e4eb]" started-at="2026-04-02T22:36:24 IST" name="broswerTest" finished-at="2026-04-02T22:36:37 IST" duration-ms="13371" status="PASS">
          <params>
            <param index="0">
              <value>
                <![CDATA[Edge]]>
              </value>
            </param>
          </params>
          <reporter-output>
          </reporter-output>
        </test-method> <!-- broswerTest -->
      </class> <!-- com.devopsAssignment.crossBrowserTesting -->
    </test> <!-- Test3 -->
  </suite> <!-- Suite -->
</testng-results>
