<?xml version="1.0" encoding="UTF-8"?>
<!-- Generated by org.testng.reporters.JUnitReportReporter -->
<testsuite hostname="SuperSONU" failures="0" tests="3" name="com.devopsAssignment.crossBrowserTesting" time="32.969" errors="0" timestamp="2026-04-02T22:36:37 IST" skipped="0">
  <testcase classname="com.devopsAssignment.crossBrowserTesting" name="broswerTest" time="13.371"/>
  <testcase classname="com.devopsAssignment.crossBrowserTesting" name="broswerTest" time="8.251"/>
  <testcase classname="com.devopsAssignment.crossBrowserTesting" name="broswerTest" time="11.347"/>
</testsuite> <!-- com.devopsAssignment.crossBrowserTesting -->
