<?xml version="1.0" encoding="UTF-8"?>
<!-- Generated by org.testng.reporters.JUnitReportReporter -->
<testsuite hostname="SuperSONU" failures="0" tests="3" name="com.devopsAssignment.crossBrowserTesting" time="25.386" errors="0" timestamp="2026-04-02T23:57:26 IST" skipped="0">
  <testcase classname="com.devopsAssignment.crossBrowserTesting" name="broswerTest" time="8.621"/>
  <testcase classname="com.devopsAssignment.crossBrowserTesting" name="broswerTest" time="8.827"/>
  <testcase classname="com.devopsAssignment.crossBrowserTesting" name="broswerTest" time="7.938"/>
</testsuite> <!-- com.devopsAssignment.crossBrowserTesting -->
