<?xml version="1.0" encoding="UTF-8"?>
<!-- Generated by org.testng.reporters.JUnitReportReporter -->
<testsuite hostname="SuperSONU" failures="0" tests="3" name="com.devopsAssignment.crossBrowserTesting" time="16.299" errors="0" timestamp="2026-04-03T00:04:22 IST" skipped="0">
  <testcase classname="com.devopsAssignment.crossBrowserTesting" name="broswerTest" time="6.614"/>
  <testcase classname="com.devopsAssignment.crossBrowserTesting" name="broswerTest" time="4.768"/>
  <testcase classname="com.devopsAssignment.crossBrowserTesting" name="broswerTest" time="4.917"/>
</testsuite> <!-- com.devopsAssignment.crossBrowserTesting -->
